<html>
<head>
<title>TestNG:  Test</title>
<link href="../testng.css" rel="stylesheet" type="text/css" />
<link href="../my-testng.css" rel="stylesheet" type="text/css" />

<style type="text/css">
.log { display: none;} 
.stack-trace { display: none;} 
</style>
<script type="text/javascript">
<!--
function flip(e) {
  current = e.style.display;
  if (current == 'block') {
    e.style.display = 'none';
    return 0;
  }
  else {
    e.style.display = 'block';
    return 1;
  }
}

function toggleBox(szDivId, elem, msg1, msg2)
{
  var res = -1;  if (document.getElementById) {
    res = flip(document.getElementById(szDivId));
  }
  else if (document.all) {
    // this is the way old msie versions work
    res = flip(document.all[szDivId]);
  }
  if(elem) {
    if(res == 0) elem.innerHTML = msg1; else elem.innerHTML = msg2;
  }

}

function toggleAllBoxes() {
  if (document.getElementsByTagName) {
    d = document.getElementsByTagName('div');
    for (i = 0; i < d.length; i++) {
      if (d[i].className == 'log') {
        flip(d[i]);
      }
    }
  }
}

// -->
</script>

</head>
<body>
<h2 align='center'>Test</h2><table border='1' align="center">
<tr>
<td>Tests passed/Failed/Skipped:</td><td>10/0/1</td>
</tr><tr>
<td>Started on:</td><td>Sat Jun 06 00:31:19 IST 2020</td>
</tr>
<tr><td>Total time:</td><td>0 seconds (301 ms)</td>
</tr><tr>
<td>Included groups:</td><td></td>
</tr><tr>
<td>Excluded groups:</td><td></td>
</tr>
</table><p/>
<small><i>(Hover the method name to see the test class name)</i></small><p/>
<table width='100%' border='1' class='invocation-passed'>
<tr><td colspan='4' align='center'><b>PASSED TESTS</b></td></tr>
<tr><td><b>Test method</b></td>
<td width="30%"><b>Exception</b></td>
<td width="10%"><b>Time (seconds)</b></td>
<td><b>Instance</b></td>
</tr>
<tr>
<td title='Package1.DataProvideer.Test1()'><b>Test1</b><br>Test class: Package1.DataProvideer<br>Parameters: Dhanabal, 17111985, 34</td>
<td></td>
<td>0</td>
<td>Package1.DataProvideer@409bf450</td></tr>
<tr>
<td title='Package1.DataProvideer.Test1()'><b>Test1</b><br>Test class: Package1.DataProvideer<br>Parameters: Susai, 17111984, 36</td>
<td></td>
<td>0</td>
<td>Package1.DataProvideer@409bf450</td></tr>
<tr>
<td title='SuiteA.TestB.Test1()'><b>Test1</b><br>Test class: SuiteA.TestB</td>
<td></td>
<td>0</td>
<td>SuiteA.TestB@49e53c76</td></tr>
<tr>
<td title='Package1.AssertEx.Test1()'><b>Test1</b><br>Test class: Package1.AssertEx</td>
<td></td>
<td>0</td>
<td>Package1.AssertEx@2a3b5b47</td></tr>
<tr>
<td title='Package1.DataProvideer.Test2()'><b>Test2</b><br>Test class: Package1.DataProvideer<br>Parameters: Dhanabal, 17111985, 34</td>
<td></td>
<td>0</td>
<td>Package1.DataProvideer@409bf450</td></tr>
<tr>
<td title='Package1.DataProvideer.Test2()'><b>Test2</b><br>Test class: Package1.DataProvideer<br>Parameters: Susai, 17111984, 36</td>
<td></td>
<td>0</td>
<td>Package1.DataProvideer@409bf450</td></tr>
<tr>
<td title='Package1.TestNGClass.Test2()'><b>Test2</b><br>Test class: Package1.TestNGClass</td>
<td></td>
<td>0</td>
<td>Package1.TestNGClass@55b699ef</td></tr>
<tr>
<td title='Package1.TestNGClass.Test3()'><b>Test3</b><br>Test class: Package1.TestNGClass</td>
<td></td>
<td>0</td>
<td>Package1.TestNGClass@55b699ef</td></tr>
<tr>
<td title='SuiteA.TestA.TestB()'><b>TestB</b><br>Test class: SuiteA.TestA</td>
<td></td>
<td>0</td>
<td>SuiteA.TestA@38d8f54a</td></tr>
<tr>
<td title='SuiteB.SuiteBTEst.searchSuiteB()'><b>searchSuiteB</b><br>Test class: SuiteB.SuiteBTEst</td>
<td></td>
<td>0</td>
<td>SuiteB.SuiteBTEst@351d00c0</td></tr>
</table><p>
<table width='100%' border='1' class='invocation-skipped'>
<tr><td colspan='4' align='center'><b>SKIPPED TESTS</b></td></tr>
<tr><td><b>Test method</b></td>
<td width="30%"><b>Exception</b></td>
<td width="10%"><b>Time (seconds)</b></td>
<td><b>Instance</b></td>
</tr>
<tr>
<td title='Package1.TestNGClass.Test1()'><b>Test1</b><br>Test class: Package1.TestNGClass</td>
<td><div><pre>org.testng.SkipException: Skipping the test
	at Package1.TestNGClass.Test1(TestNGClass.java:13)
	at java.base/java.util.ArrayList.forEach(ArrayList.java:1540)
... Removed 36 stack frames</pre></div><a href='#' onClick='toggleBox("stack-trace1995250556", this, "Click to show all stack frames", "Click to hide stack frames")'>Click to show all stack frames</a>
<div class='stack-trace' id='stack-trace1995250556'><pre>org.testng.SkipException: Skipping the test
	at Package1.TestNGClass.Test1(TestNGClass.java:13)
	at java.base/jdk.internal.reflect.NativeMethodAccessorImpl.invoke0(Native Method)
	at java.base/jdk.internal.reflect.NativeMethodAccessorImpl.invoke(NativeMethodAccessorImpl.java:62)
	at java.base/jdk.internal.reflect.DelegatingMethodAccessorImpl.invoke(DelegatingMethodAccessorImpl.java:43)
	at java.base/java.lang.reflect.Method.invoke(Method.java:566)
	at org.testng.internal.MethodInvocationHelper.invokeMethod(MethodInvocationHelper.java:134)
	at org.testng.internal.TestInvoker.invokeMethod(TestInvoker.java:597)
	at org.testng.internal.TestInvoker.invokeTestMethod(TestInvoker.java:173)
	at org.testng.internal.MethodRunner.runInSequence(MethodRunner.java:46)
	at org.testng.internal.TestInvoker$MethodInvocationAgent.invoke(TestInvoker.java:816)
	at org.testng.internal.TestInvoker.invokeTestMethods(TestInvoker.java:146)
	at org.testng.internal.TestMethodWorker.invokeTestMethods(TestMethodWorker.java:146)
	at org.testng.internal.TestMethodWorker.run(TestMethodWorker.java:128)
	at java.base/java.util.ArrayList.forEach(ArrayList.java:1540)
	at org.testng.TestRunner.privateRun(TestRunner.java:766)
	at org.testng.TestRunner.run(TestRunner.java:587)
	at org.testng.SuiteRunner.runTest(SuiteRunner.java:384)
	at org.testng.SuiteRunner.runSequentially(SuiteRunner.java:378)
	at org.testng.SuiteRunner.privateRun(SuiteRunner.java:337)
	at org.testng.SuiteRunner.run(SuiteRunner.java:286)
	at org.testng.SuiteRunnerWorker.runSuite(SuiteRunnerWorker.java:53)
	at org.testng.SuiteRunnerWorker.run(SuiteRunnerWorker.java:96)
	at org.testng.TestNG.runSuitesSequentially(TestNG.java:1187)
	at org.testng.TestNG.runSuitesLocally(TestNG.java:1109)
	at org.testng.TestNG.runSuites(TestNG.java:1039)
	at org.testng.TestNG.run(TestNG.java:1007)
	at org.apache.maven.surefire.testng.TestNGExecutor.run(TestNGExecutor.java:178)
	at org.apache.maven.surefire.testng.TestNGXmlTestSuite.execute(TestNGXmlTestSuite.java:92)
	at org.apache.maven.surefire.testng.TestNGProvider.invoke(TestNGProvider.java:96)
	at java.base/jdk.internal.reflect.NativeMethodAccessorImpl.invoke0(Native Method)
	at java.base/jdk.internal.reflect.NativeMethodAccessorImpl.invoke(NativeMethodAccessorImpl.java:62)
	at java.base/jdk.internal.reflect.DelegatingMethodAccessorImpl.invoke(DelegatingMethodAccessorImpl.java:43)
	at java.base/java.lang.reflect.Method.invoke(Method.java:566)
	at org.apache.maven.surefire.util.ReflectionUtils.invokeMethodWithArray2(ReflectionUtils.java:208)
	at org.apache.maven.surefire.booter.ProviderFactory$ProviderProxy.invoke(ProviderFactory.java:159)
	at org.apache.maven.surefire.booter.ProviderFactory.invokeProvider(ProviderFactory.java:87)
	at org.apache.maven.surefire.booter.ForkedBooter.runSuitesInProcess(ForkedBooter.java:153)
	at org.apache.maven.surefire.booter.ForkedBooter.main(ForkedBooter.java:95)
</pre></div></td>
<td>0</td>
<td>Package1.TestNGClass@55b699ef</td></tr>
</table><p>
</body>
</html>