<?xml version="1.0" encoding="UTF-8"?>
<!-- Generated by org.testng.reporters.JUnitXMLReporter -->
<testsuite ignored="0" hostname="DESKTOP-J0SOEVV" failures="1" tests="3" name="Test" time="25.676" errors="0" timestamp="2020-06-12T18:25:33 IST">
  <testcase classname="com.qtpselenium.rediff.hybrid.suiteA.CreateAccount" name="createAccount" time="0.019">
    <skipped/>
  </testcase> <!-- createAccount -->
  <testcase classname="com.qtpselenium.rediff.hybrid.suiteA.CreateAccount" name="loginTest" time="0.006">
    <skipped/>
  </testcase> <!-- loginTest -->
  <testcase classname="com.qtpselenium.rediff.hybrid.suiteA.CreateAccount" name="searchBus" time="23.246">
    <failure type="java.lang.NoSuchMethodException" message="com.qtpselenium.rediff.hybrid.keywords.AppKeywords.javaScriptClick()">
      <![CDATA[java.lang.NoSuchMethodException: com.qtpselenium.rediff.hybrid.keywords.AppKeywords.javaScriptClick()
at java.base/java.lang.Class.getMethod(Class.java:2122)
at com.qtpselenium.rediff.hybrid.driver.DriverScript.executeKeywords(DriverScript.java:43)
at com.qtpselenium.rediff.hybrid.suiteA.CreateAccount.searchBus(CreateAccount.java:47)
at java.base/java.util.ArrayList.forEach(ArrayList.java:1510)
... Removed 27 stack frames]]>
    </failure>
  </testcase> <!-- searchBus -->
</testsuite> <!-- Test -->
